mode: set
github.com/stra1g/saver-api/internal/domain/entities/user.go:19.41,21.46 2 1
github.com/stra1g/saver-api/internal/domain/entities/user.go:22.37,23.34 1 1
github.com/stra1g/saver-api/internal/domain/entities/user.go:24.10,25.50 1 1
github.com/stra1g/saver-api/internal/domain/entities/user.go:48.18,49.39 1 1
github.com/stra1g/saver-api/internal/domain/entities/user.go:49.39,51.3 1 1
github.com/stra1g/saver-api/internal/domain/entities/user.go:53.2,53.17 1 1
github.com/stra1g/saver-api/internal/domain/entities/user.go:53.17,55.3 1 1
github.com/stra1g/saver-api/internal/domain/entities/user.go:57.2,57.68 1 1
github.com/stra1g/saver-api/internal/domain/entities/user.go:57.68,59.3 1 1
github.com/stra1g/saver-api/internal/domain/entities/user.go:61.2,61.20 1 1
github.com/stra1g/saver-api/internal/domain/entities/user.go:61.20,63.3 1 1
github.com/stra1g/saver-api/internal/domain/entities/user.go:65.2,76.8 1 1
github.com/stra1g/saver-api/internal/infra/config/config.go:25.35,51.47 2 0
github.com/stra1g/saver-api/internal/infra/config/config.go:51.47,53.3 1 0
github.com/stra1g/saver-api/internal/infra/config/config.go:55.2,55.20 1 0
github.com/stra1g/saver-api/internal/infra/config/config.go:58.57,60.17 2 0
github.com/stra1g/saver-api/internal/infra/config/config.go:60.17,62.3 1 0
github.com/stra1g/saver-api/internal/infra/config/config.go:63.2,63.14 1 0
github.com/stra1g/saver-api/internal/infra/config/config.go:66.43,70.16 3 0
github.com/stra1g/saver-api/internal/infra/config/config.go:70.16,72.56 2 0
github.com/stra1g/saver-api/internal/infra/config/config.go:72.56,76.15 3 0
github.com/stra1g/saver-api/internal/infra/config/config.go:77.20,78.80 1 0
github.com/stra1g/saver-api/internal/infra/config/config.go:79.19,80.92 1 0
github.com/stra1g/saver-api/internal/infra/config/config.go:81.12,82.95 1 0
github.com/stra1g/saver-api/internal/infra/config/config.go:86.3,86.85 1 0
github.com/stra1g/saver-api/internal/infra/config/config.go:89.2,89.12 1 0
github.com/stra1g/saver-api/internal/infra/config/config.go:92.42,95.2 1 0
github.com/stra1g/saver-api/internal/infra/database/database.go:17.63,18.17 1 0
github.com/stra1g/saver-api/internal/infra/database/database.go:18.17,22.17 3 0
github.com/stra1g/saver-api/internal/infra/database/database.go:22.17,24.4 1 0
github.com/stra1g/saver-api/internal/infra/database/database.go:26.3,27.17 2 0
github.com/stra1g/saver-api/internal/infra/database/database.go:27.17,29.4 1 0
github.com/stra1g/saver-api/internal/infra/database/database.go:31.3,31.55 1 0
github.com/stra1g/saver-api/internal/infra/database/database.go:31.55,33.4 1 0
github.com/stra1g/saver-api/internal/infra/database/database.go:36.2,36.11 1 0
github.com/stra1g/saver-api/internal/infra/http/handlers/user_handler.go:26.59,27.23 1 0
github.com/stra1g/saver-api/internal/infra/http/handlers/user_handler.go:27.23,30.3 1 0
github.com/stra1g/saver-api/internal/infra/http/handlers/user_handler.go:32.2,32.22 1 0
github.com/stra1g/saver-api/internal/infra/http/handlers/user_handler.go:32.22,35.3 1 0
github.com/stra1g/saver-api/internal/infra/http/handlers/user_handler.go:37.2,37.19 1 0
github.com/stra1g/saver-api/internal/infra/http/handlers/user_handler.go:37.19,40.3 1 0
github.com/stra1g/saver-api/internal/infra/http/handlers/user_handler.go:42.2,42.22 1 0
github.com/stra1g/saver-api/internal/infra/http/handlers/user_handler.go:42.22,45.3 1 0
github.com/stra1g/saver-api/internal/infra/http/handlers/user_handler.go:47.2,47.49 1 0
github.com/stra1g/saver-api/internal/infra/http/handlers/user_handler.go:47.49,52.3 1 0
github.com/stra1g/saver-api/internal/infra/http/handlers/user_handler.go:54.2,54.12 1 0
github.com/stra1g/saver-api/internal/infra/http/handlers/user_handler.go:64.58,71.2 1 0
github.com/stra1g/saver-api/internal/infra/http/handlers/user_handler.go:73.53,74.30 1 0
github.com/stra1g/saver-api/internal/infra/http/handlers/user_handler.go:74.30,76.48 2 0
github.com/stra1g/saver-api/internal/infra/http/handlers/user_handler.go:76.48,82.4 4 0
github.com/stra1g/saver-api/internal/infra/http/handlers/user_handler.go:84.3,84.40 1 0
github.com/stra1g/saver-api/internal/infra/http/handlers/user_handler.go:84.40,88.4 3 0
github.com/stra1g/saver-api/internal/infra/http/handlers/user_handler.go:90.3,97.17 2 0
github.com/stra1g/saver-api/internal/infra/http/handlers/user_handler.go:97.17,99.53 1 0
github.com/stra1g/saver-api/internal/infra/http/handlers/user_handler.go:99.53,105.5 4 0
github.com/stra1g/saver-api/internal/infra/http/handlers/user_handler.go:107.4,113.10 4 0
github.com/stra1g/saver-api/internal/infra/http/handlers/user_handler.go:116.3,116.52 1 0
github.com/stra1g/saver-api/internal/infra/http/handlers/user_handler.go:123.16,128.2 1 0
github.com/stra1g/saver-api/cmd/main.go:24.36,27.2 2 0
github.com/stra1g/saver-api/cmd/main.go:29.104,38.45 5 0
github.com/stra1g/saver-api/cmd/main.go:38.45,42.3 1 0
github.com/stra1g/saver-api/cmd/main.go:44.2,48.44 3 0
github.com/stra1g/saver-api/cmd/main.go:48.44,50.18 2 0
github.com/stra1g/saver-api/cmd/main.go:50.18,55.5 2 0
github.com/stra1g/saver-api/cmd/main.go:56.4,60.14 3 0
github.com/stra1g/saver-api/cmd/main.go:62.43,66.4 3 0
github.com/stra1g/saver-api/cmd/main.go:69.2,69.22 1 0
github.com/stra1g/saver-api/cmd/main.go:72.13,89.31 2 0
github.com/stra1g/saver-api/cmd/main.go:89.32,89.33 0 0
github.com/stra1g/saver-api/cmd/main.go:92.2,92.11 1 0
github.com/stra1g/saver-api/internal/infra/http/middlewares/error_middleware.go:17.54,18.30 1 0
github.com/stra1g/saver-api/internal/infra/http/middlewares/error_middleware.go:18.30,21.24 2 0
github.com/stra1g/saver-api/internal/infra/http/middlewares/error_middleware.go:21.24,24.4 2 0
github.com/stra1g/saver-api/internal/infra/http/middlewares/error_middleware.go:28.64,29.48 1 0
github.com/stra1g/saver-api/internal/infra/http/middlewares/error_middleware.go:29.48,30.24 1 0
github.com/stra1g/saver-api/internal/infra/http/middlewares/error_middleware.go:31.35,36.6 1 0
github.com/stra1g/saver-api/internal/infra/http/middlewares/error_middleware.go:37.37,42.6 1 0
github.com/stra1g/saver-api/internal/infra/http/middlewares/error_middleware.go:43.39,48.6 1 0
github.com/stra1g/saver-api/internal/infra/http/middlewares/error_middleware.go:49.36,54.6 1 0
github.com/stra1g/saver-api/internal/infra/http/middlewares/error_middleware.go:55.40,60.6 1 0
github.com/stra1g/saver-api/internal/infra/http/middlewares/error_middleware.go:61.94,66.6 2 0
github.com/stra1g/saver-api/internal/infra/http/middlewares/error_middleware.go:67.11,74.6 2 0
github.com/stra1g/saver-api/internal/infra/http/middlewares/error_middleware.go:76.3,76.9 1 0
github.com/stra1g/saver-api/internal/infra/http/middlewares/error_middleware.go:79.2,83.4 2 0
github.com/stra1g/saver-api/internal/infra/http/middlewares/error_middleware.go:86.57,88.2 1 0
github.com/stra1g/saver-api/pkg/error/error.go:27.35,29.2 1 0
github.com/stra1g/saver-api/pkg/error/error.go:31.35,33.2 1 0
github.com/stra1g/saver-api/pkg/error/error.go:35.37,37.2 1 0
github.com/stra1g/saver-api/pkg/error/error.go:39.53,41.2 1 0
github.com/stra1g/saver-api/pkg/error/error.go:43.55,49.2 1 0
github.com/stra1g/saver-api/pkg/error/error.go:51.51,52.16 1 0
github.com/stra1g/saver-api/pkg/error/error.go:52.16,54.3 1 0
github.com/stra1g/saver-api/pkg/error/error.go:56.2,56.39 1 0
github.com/stra1g/saver-api/pkg/error/error.go:56.39,62.3 1 0
github.com/stra1g/saver-api/pkg/error/error.go:64.2,68.3 1 0
github.com/stra1g/saver-api/pkg/error/error.go:71.94,73.23 2 0
github.com/stra1g/saver-api/pkg/error/error.go:73.23,75.3 1 0
github.com/stra1g/saver-api/pkg/error/error.go:77.2,77.28 1 0
github.com/stra1g/saver-api/pkg/error/error.go:77.28,79.3 1 0
github.com/stra1g/saver-api/pkg/error/error.go:81.2,81.19 1 0
github.com/stra1g/saver-api/pkg/error/error.go:84.72,87.2 2 0
github.com/stra1g/saver-api/pkg/error/error.go:89.53,90.16 1 0
github.com/stra1g/saver-api/pkg/error/error.go:90.16,92.3 1 0
github.com/stra1g/saver-api/pkg/error/error.go:94.2,95.29 2 0
github.com/stra1g/saver-api/pkg/error/error.go:95.29,97.3 1 0
github.com/stra1g/saver-api/pkg/error/error.go:99.2,99.14 1 0
github.com/stra1g/saver-api/internal/infra/http/routes/module.go:14.3,16.2 1 0
github.com/stra1g/saver-api/internal/infra/http/routes/user_routes.go:15.36,19.2 3 0
github.com/stra1g/saver-api/internal/infra/http/routes/user_routes.go:19.2,21.3 1 0
github.com/stra1g/saver-api/internal/infra/http/routes/user_routes.go:28.15,34.2 1 0
github.com/stra1g/saver-api/pkg/hashing/hashing.go:12.59,15.16 2 0
github.com/stra1g/saver-api/pkg/hashing/hashing.go:15.16,17.3 1 0
github.com/stra1g/saver-api/pkg/hashing/hashing.go:19.2,19.33 1 0
github.com/stra1g/saver-api/pkg/hashing/hashing.go:22.64,25.2 2 0
github.com/stra1g/saver-api/pkg/hashing/hashing.go:27.27,29.2 1 0
github.com/stra1g/saver-api/pkg/logger/logger.go:21.67,23.2 1 0
github.com/stra1g/saver-api/pkg/logger/logger.go:25.66,27.2 1 0
github.com/stra1g/saver-api/pkg/logger/logger.go:28.66,30.2 1 0
github.com/stra1g/saver-api/pkg/logger/logger.go:32.78,34.2 1 0
github.com/stra1g/saver-api/pkg/logger/logger.go:36.67,38.2 1 0
github.com/stra1g/saver-api/pkg/logger/logger.go:40.56,44.13 3 0
github.com/stra1g/saver-api/pkg/logger/logger.go:44.13,46.3 1 0
github.com/stra1g/saver-api/pkg/logger/logger.go:48.2,56.3 2 0
github.com/stra1g/saver-api/pkg/testutils/mock/hashing.go:12.36,14.2 1 0
github.com/stra1g/saver-api/pkg/testutils/mock/hashing.go:16.63,19.2 2 0
github.com/stra1g/saver-api/pkg/testutils/mock/hashing.go:21.68,24.2 2 0
github.com/stra1g/saver-api/pkg/testutils/mock/logger.go:12.34,14.2 1 0
github.com/stra1g/saver-api/pkg/testutils/mock/logger.go:16.71,18.2 1 0
github.com/stra1g/saver-api/pkg/testutils/mock/logger.go:20.70,22.2 1 0
github.com/stra1g/saver-api/pkg/testutils/mock/logger.go:24.70,26.2 1 0
github.com/stra1g/saver-api/pkg/testutils/mock/logger.go:28.82,30.2 1 0
github.com/stra1g/saver-api/pkg/testutils/mock/logger.go:32.71,34.2 1 0
github.com/stra1g/saver-api/internal/app/services/user_service.go:23.103,26.16 3 1
github.com/stra1g/saver-api/internal/app/services/user_service.go:26.16,29.3 2 1
github.com/stra1g/saver-api/internal/app/services/user_service.go:31.2,32.16 2 1
github.com/stra1g/saver-api/internal/app/services/user_service.go:32.16,35.3 2 0
github.com/stra1g/saver-api/internal/app/services/user_service.go:37.2,37.25 1 1
github.com/stra1g/saver-api/internal/app/services/user_service.go:37.25,42.3 2 1
github.com/stra1g/saver-api/internal/app/services/user_service.go:44.2,45.16 2 1
github.com/stra1g/saver-api/internal/app/services/user_service.go:45.16,48.3 2 1
github.com/stra1g/saver-api/internal/app/services/user_service.go:50.2,53.16 3 1
github.com/stra1g/saver-api/internal/app/services/user_service.go:53.16,56.3 2 1
github.com/stra1g/saver-api/internal/app/services/user_service.go:58.2,58.25 1 1
github.com/stra1g/saver-api/internal/app/services/user_service.go:65.15,71.2 1 1
github.com/stra1g/saver-api/internal/infra/database/repositories/user_repository.go:18.82,25.16 2 0
github.com/stra1g/saver-api/internal/infra/database/repositories/user_repository.go:25.16,27.3 1 0
github.com/stra1g/saver-api/internal/infra/database/repositories/user_repository.go:28.2,28.18 1 0
github.com/stra1g/saver-api/internal/infra/database/repositories/user_repository.go:31.80,46.16 6 0
github.com/stra1g/saver-api/internal/infra/database/repositories/user_repository.go:46.16,47.36 1 0
github.com/stra1g/saver-api/internal/infra/database/repositories/user_repository.go:47.36,49.4 1 0
github.com/stra1g/saver-api/internal/infra/database/repositories/user_repository.go:50.3,50.18 1 0
github.com/stra1g/saver-api/internal/infra/database/repositories/user_repository.go:53.2,53.19 1 0
github.com/stra1g/saver-api/internal/infra/database/repositories/user_repository.go:56.70,60.2 1 0
